<?xml version="1.0" encoding="UTF-8"?>
<coverage generated="1653398853905" clover="3.2.0">
  <project timestamp="1653398853905" name="All files">
    <metrics statements="31" coveredstatements="11" conditionals="5" coveredconditionals="1" methods="13" coveredmethods="3" elements="49" coveredelements="15" complexity="0" loc="31" ncloc="31" packages="1" files="1" classes="1"/>
    <file name="app-single-post.tsx" path="C:\Users\Saif.Ullah\Desktop\assignment\stencil-playground\src\components\app-single-post\app-single-post.tsx">
      <metrics statements="31" coveredstatements="11" conditionals="5" coveredconditionals="1" methods="13" coveredmethods="3"/>
      <line num="1" count="1" type="stmt"/>
      <line num="3" count="1" type="stmt"/>
      <line num="5" count="1" type="stmt"/>
      <line num="15" count="1" type="stmt"/>
      <line num="18" count="1" type="stmt"/>
      <line num="21" count="1" type="stmt"/>
      <line num="22" count="0" type="stmt"/>
      <line num="23" count="0" type="stmt"/>
      <line num="26" count="1" type="stmt"/>
      <line num="27" count="0" type="stmt"/>
      <line num="28" count="0" type="stmt"/>
      <line num="29" count="0" type="stmt"/>
      <line num="31" count="1" type="stmt"/>
      <line num="32" count="0" type="stmt"/>
      <line num="34" count="1" type="stmt"/>
      <line num="35" count="0" type="stmt"/>
      <line num="36" count="0" type="stmt"/>
      <line num="37" count="0" type="stmt"/>
      <line num="38" count="0" type="cond" truecount="0" falsecount="1"/>
      <line num="40" count="0" type="stmt"/>
      <line num="41" count="0" type="stmt"/>
      <line num="42" count="0" type="stmt"/>
      <line num="48" count="0" type="stmt"/>
      <line num="51" count="0" type="stmt"/>
      <line num="52" count="0" type="stmt"/>
      <line num="56" count="1" type="stmt"/>
      <line num="58" count="1" type="stmt"/>
      <line num="63" count="0" type="stmt"/>
      <line num="83" count="0" type="stmt"/>
      <line num="97" count="0" type="stmt"/>
      <line num="107" count="0" type="stmt"/>
    </file>
  </project>
</coverage>
