{"C:\\Users\\Saif.Ullah\\Desktop\\assignment\\stencil-playground\\src\\components\\app-single-post\\app-single-post.tsx": {"path":"C:\\Users\\Saif.Ullah\\Desktop\\assignment\\stencil-playground\\src\\components\\app-single-post\\app-single-post.tsx","statementMap":{"0":{"start":{"line":1,"column":0},"end":{"line":1,"column":58}},"1":{"start":{"line":3,"column":0},"end":{"line":3,"column":68}},"2":{"start":{"line":15,"column":11},"end":{"line":15,"column":26}},"3":{"start":{"line":18,"column":11},"end":{"line":18,"column":28}},"4":{"start":{"line":26,"column":2},"end":{"line":30,"column":4}},"5":{"start":{"line":27,"column":26},"end":{"line":27,"column":51}},"6":{"start":{"line":28,"column":4},"end":{"line":28,"column":64}},"7":{"start":{"line":29,"column":4},"end":{"line":29,"column":26}},"8":{"start":{"line":31,"column":2},"end":{"line":33,"column":4}},"9":{"start":{"line":32,"column":4},"end":{"line":32,"column":25}},"10":{"start":{"line":34,"column":2},"end":{"line":53,"column":4}},"11":{"start":{"line":35,"column":4},"end":{"line":35,"column":27}},"12":{"start":{"line":36,"column":26},"end":{"line":36,"column":51}},"13":{"start":{"line":37,"column":17},"end":{"line":37,"column":43}},"14":{"start":{"line":37,"column":31},"end":{"line":37,"column":42}},"15":{"start":{"line":38,"column":4},"end":{"line":38,"column":22}},"16":{"start":{"line":38,"column":15},"end":{"line":38,"column":22}},"17":{"start":{"line":40,"column":4},"end":{"line":40,"column":43}},"18":{"start":{"line":41,"column":4},"end":{"line":41,"column":47}},"19":{"start":{"line":42,"column":4},"end":{"line":49,"column":6}},"20":{"start":{"line":48,"column":15},"end":{"line":48,"column":33}},"21":{"start":{"line":51,"column":4},"end":{"line":51,"column":26}},"22":{"start":{"line":52,"column":4},"end":{"line":52,"column":26}},"23":{"start":{"line":21,"column":4},"end":{"line":24,"column":7}},"24":{"start":{"line":22,"column":6},"end":{"line":22,"column":34}},"25":{"start":{"line":23,"column":6},"end":{"line":23,"column":35}},"26":{"start":{"line":56,"column":4},"end":{"line":56,"column":42}},"27":{"start":{"line":58,"column":4},"end":{"line":123,"column":6}},"28":{"start":{"line":63,"column":35},"end":{"line":63,"column":83}},"29":{"start":{"line":83,"column":26},"end":{"line":83,"column":54}},"30":{"start":{"line":97,"column":26},"end":{"line":97,"column":56}},"31":{"start":{"line":107,"column":24},"end":{"line":107,"column":44}},"32":{"start":{"line":5,"column":0},"end":{"line":5,"column":null}}},"fnMap":{"0":{"name":"(anonymous_0)","decl":{"start":{"line":5,"column":0},"end":{"line":5,"column":null}},"loc":{"start":{"line":5,"column":0},"end":{"line":125,"column":null}}},"1":{"name":"(anonymous_1)","decl":{"start":{"line":26,"column":17},"end":{"line":26,"column":20}},"loc":{"start":{"line":26,"column":22},"end":{"line":30,"column":3}}},"2":{"name":"(anonymous_2)","decl":{"start":{"line":31,"column":17},"end":{"line":31,"column":20}},"loc":{"start":{"line":31,"column":22},"end":{"line":33,"column":3}}},"3":{"name":"(anonymous_3)","decl":{"start":{"line":34,"column":17},"end":{"line":34,"column":18}},"loc":{"start":{"line":34,"column":44},"end":{"line":53,"column":3}}},"4":{"name":"(anonymous_4)","decl":{"start":{"line":37,"column":26},"end":{"line":37,"column":27}},"loc":{"start":{"line":37,"column":31},"end":{"line":37,"column":42}}},"5":{"name":"(anonymous_5)","decl":{"start":{"line":48,"column":6},"end":{"line":48,"column":11}},"loc":{"start":{"line":48,"column":15},"end":{"line":48,"column":33}}},"6":{"name":"(anonymous_6)","decl":{"start":{"line":20,"column":2},"end":{"line":20,"column":19}},"loc":{"start":{"line":20,"column":19},"end":{"line":25,"column":3}}},"7":{"name":"(anonymous_7)","decl":{"start":{"line":21,"column":67},"end":{"line":21,"column":72}},"loc":{"start":{"line":21,"column":75},"end":{"line":24,"column":5}}},"8":{"name":"(anonymous_8)","decl":{"start":{"line":55,"column":2},"end":{"line":55,"column":8}},"loc":{"start":{"line":55,"column":8},"end":{"line":124,"column":3}}},"9":{"name":"(anonymous_9)","decl":{"start":{"line":63,"column":26},"end":{"line":63,"column":31}},"loc":{"start":{"line":63,"column":35},"end":{"line":63,"column":83}}},"10":{"name":"(anonymous_10)","decl":{"start":{"line":81,"column":34},"end":{"line":81,"column":35}},"loc":{"start":{"line":81,"column":38},"end":{"line":84,"column":25}}},"11":{"name":"(anonymous_11)","decl":{"start":{"line":95,"column":34},"end":{"line":95,"column":35}},"loc":{"start":{"line":95,"column":38},"end":{"line":98,"column":25}}},"12":{"name":"(anonymous_12)","decl":{"start":{"line":106,"column":31},"end":{"line":106,"column":34}},"loc":{"start":{"line":106,"column":36},"end":{"line":108,"column":23}}}},"branchMap":{"0":{"loc":{"start":{"line":38,"column":4},"end":{"line":38,"column":22}},"type":"if","locations":[{"start":{"line":38,"column":4},"end":{"line":38,"column":22}}]},"1":{"loc":{"start":{"line":60,"column":9},"end":{"line":120,"column":null}},"type":"cond-expr","locations":[{"start":{"line":61,"column":10},"end":{"line":61,"column":26}},{"start":{"line":63,"column":10},"end":{"line":119,"column":null}}]},"2":{"loc":{"start":{"line":119,"column":13},"end":{"line":119,"column":73}},"type":"binary-expr","locations":[{"start":{"line":119,"column":13},"end":{"line":119,"column":26}},{"start":{"line":119,"column":30},"end":{"line":119,"column":73}}]}},"s":{"0":1,"1":1,"2":1,"3":1,"4":1,"5":0,"6":0,"7":0,"8":1,"9":0,"10":1,"11":0,"12":0,"13":0,"14":0,"15":0,"16":0,"17":0,"18":0,"19":0,"20":0,"21":0,"22":0,"23":1,"24":0,"25":0,"26":1,"27":1,"28":0,"29":0,"30":0,"31":0,"32":1},"f":{"0":1,"1":0,"2":0,"3":0,"4":0,"5":0,"6":1,"7":0,"8":1,"9":0,"10":0,"11":0,"12":0},"b":{"0":[0],"1":[1,0],"2":[0,0]}}
}
