TN:
SF:src\components\app-single-post\app-single-post.tsx
FN:5,(anonymous_0)
FN:26,(anonymous_1)
FN:31,(anonymous_2)
FN:34,(anonymous_3)
FN:37,(anonymous_4)
FN:48,(anonymous_5)
FN:20,(anonymous_6)
FN:21,(anonymous_7)
FN:55,(anonymous_8)
FN:63,(anonymous_9)
FN:81,(anonymous_10)
FN:95,(anonymous_11)
FN:106,(anonymous_12)
FNF:13
FNH:3
FNDA:1,(anonymous_0)
FNDA:0,(anonymous_1)
FNDA:0,(anonymous_2)
FNDA:0,(anonymous_3)
FNDA:0,(anonymous_4)
FNDA:0,(anonymous_5)
FNDA:1,(anonymous_6)
FNDA:0,(anonymous_7)
FNDA:1,(anonymous_8)
FNDA:0,(anonymous_9)
FNDA:0,(anonymous_10)
FNDA:0,(anonymous_11)
FNDA:0,(anonymous_12)
DA:1,1
DA:3,1
DA:5,1
DA:15,1
DA:18,1
DA:21,1
DA:22,0
DA:23,0
DA:26,1
DA:27,0
DA:28,0
DA:29,0
DA:31,1
DA:32,0
DA:34,1
DA:35,0
DA:36,0
DA:37,0
DA:38,0
DA:40,0
DA:41,0
DA:42,0
DA:48,0
DA:51,0
DA:52,0
DA:56,1
DA:58,1
DA:63,0
DA:83,0
DA:97,0
DA:107,0
LF:31
LH:11
BRDA:38,0,0,0
BRDA:60,1,0,1
BRDA:60,1,1,0
BRDA:119,2,0,0
BRDA:119,2,1,0
BRF:5
BRH:1
end_of_record
